<?xml version="1.0" encoding="UTF-8"?>
<!-- Generated by org.testng.reporters.JUnitXMLReporter -->
<testsuite ignored="0" hostname="DESKTOP-8QG8CLM" failures="0" tests="4" name="chromeTest" time="47.542" errors="0" timestamp="2022-06-08T19:34:49 IST">
  <testcase classname="TestClasses.VerifyUserCanAddFundToAccount" name="VerifyUserCanLogin" time="12.618"/>
  <testcase classname="TestClasses.VerifyUserCanAddFundToAccount" name="VerifyUserCanOpenFundPage" time="2.418"/>
  <testcase classname="TestClasses.VerifyUserCanAddFundToAccount" name="verifyUserCanParticularAmount" time="1.604"/>
  <testcase classname="TestClasses.VerifyUserCanWithdrawAmount" name="VerifyUserCanLogin" time="11.753"/>
</testsuite> <!-- chromeTest -->
